<?xml version="1.0" encoding="UTF-8"?>
<testsuite name="framework.com.tools.ExampleUnitTest" tests="1" skipped="0" failures="0" errors="0" timestamp="2017-11-14T10:17:59" hostname="gang" time="0.0">
  <properties/>
  <testcase name="addition_isCorrect" classname="framework.com.tools.ExampleUnitTest" time="0.0"/>
  <system-out><![CDATA[]]></system-out>
  <system-err><![CDATA[]]></system-err>
</testsuite>
